[0.009s] Invoking command in '/home/pjy/ros2_ws/src/ea_ipm/build/ea_ipm': CMAKE_PREFIX_PATH=/opt/ros/foxy /usr/bin/cmake --build /home/pjy/ros2_ws/src/ea_ipm/build/ea_ipm -- -j16 -l16
[0.034s] [35m[1mScanning dependencies of target ea_ipm_node[0m
[0.054s] [ 33%] [32mBuilding CXX object CMakeFiles/ea_ipm_node.dir/src/get_ea_ipm.cpp.o[0m
[1.446s] [01m[K/home/pjy/ros2_ws/src/ea_ipm/src/get_ea_ipm.cpp:16:43:[m[K [01;31m[Kerror: [m[K‚Äò[01m[KPoint[m[K‚Äô has not been declared
[1.446s]    16 | cv::Mat EA_IPM::get_roi_mask(cv::Mat img, [01;31m[KPoint[m[K* points)
[1.446s]       |                                           [01;31m[K^~~~~[m[K
[1.446s] [01m[K/home/pjy/ros2_ws/src/ea_ipm/src/get_ea_ipm.cpp:16:9:[m[K [01;31m[Kerror: [m[Kno declaration matches ‚Äò[01m[Kcv::Mat EA_IPM::get_roi_mask(cv::Mat, int*)[m[K‚Äô
[1.446s]    16 | cv::Mat [01;31m[KEA_IPM[m[K::get_roi_mask(cv::Mat img, Point* points)
[1.446s]       |         [01;31m[K^~~~~~[m[K
[1.446s] [01m[K/home/pjy/ros2_ws/src/ea_ipm/src/get_ea_ipm.cpp:16:9:[m[K [01;36m[Knote: [m[Kno functions named ‚Äò[01m[Kcv::Mat EA_IPM::get_roi_mask(cv::Mat, int*)[m[K‚Äô
[1.446s] In file included from [01m[K/home/pjy/ros2_ws/src/ea_ipm/src/get_ea_ipm.cpp:5[m[K:
[1.446s] [01m[K/home/pjy/ros2_ws/src/ea_ipm/include/ea_ipm/get_ea_ipm.h:13:7:[m[K [01;36m[Knote: [m[K‚Äò[01m[Kclass EA_IPM[m[K‚Äô defined here
[1.446s]    13 | class [01;36m[KEA_IPM[m[K : public rclcpp::Node // node class ÏÉÅÏÜç
[1.447s]       |       [01;36m[K^~~~~~[m[K
[2.599s] make[2]: *** [CMakeFiles/ea_ipm_node.dir/build.make:63: CMakeFiles/ea_ipm_node.dir/src/get_ea_ipm.cpp.o] Error 1
[2.599s] make[1]: *** [CMakeFiles/Makefile2:78: CMakeFiles/ea_ipm_node.dir/all] Error 2
[2.599s] make: *** [Makefile:141: all] Error 2
[2.600s] Invoked command in '/home/pjy/ros2_ws/src/ea_ipm/build/ea_ipm' returned '2': CMAKE_PREFIX_PATH=/opt/ros/foxy /usr/bin/cmake --build /home/pjy/ros2_ws/src/ea_ipm/build/ea_ipm -- -j16 -l16
