[0.008s] Invoking command in '/home/pjy/ros2_ws/src/ea_ipm/build/ea_ipm': CMAKE_PREFIX_PATH=/opt/ros/foxy /usr/bin/cmake --build /home/pjy/ros2_ws/src/ea_ipm/build/ea_ipm -- -j16 -l16
[0.035s] [35m[1mScanning dependencies of target ea_ipm_node[0m
[0.055s] [ 33%] [32mBuilding CXX object CMakeFiles/ea_ipm_node.dir/src/get_ea_ipm.cpp.o[0m
[1.418s] [01m[K/home/pjy/ros2_ws/src/ea_ipm/src/get_ea_ipm.cpp:16:9:[m[K [01;31m[Kerror: [m[Kno declaration matches ‚Äò[01m[Kcv::Mat EA_IPM::get_roi_mask(cv::Mat, cv::Point*)[m[K‚Äô
[1.418s]    16 | cv::Mat [01;31m[KEA_IPM[m[K::get_roi_mask(cv::Mat image, cv::Point* points);
[1.418s]       |         [01;31m[K^~~~~~[m[K
[1.418s] [01m[K/home/pjy/ros2_ws/src/ea_ipm/src/get_ea_ipm.cpp:16:9:[m[K [01;36m[Knote: [m[Kno functions named ‚Äò[01m[Kcv::Mat EA_IPM::get_roi_mask(cv::Mat, cv::Point*)[m[K‚Äô
[1.418s] In file included from [01m[K/home/pjy/ros2_ws/src/ea_ipm/src/get_ea_ipm.cpp:5[m[K:
[1.418s] [01m[K/home/pjy/ros2_ws/src/ea_ipm/include/ea_ipm/get_ea_ipm.h:13:7:[m[K [01;36m[Knote: [m[K‚Äò[01m[Kclass EA_IPM[m[K‚Äô defined here
[1.418s]    13 | class [01;36m[KEA_IPM[m[K : public rclcpp::Node // node class ÏÉÅÏÜç
[1.419s]       |       [01;36m[K^~~~~~[m[K
[1.419s] [01m[K/home/pjy/ros2_ws/src/ea_ipm/src/get_ea_ipm.cpp:17:1:[m[K [01;31m[Kerror: [m[Kexpected unqualified-id before ‚Äò[01m[K{[m[K‚Äô token
[1.419s]    17 | [01;31m[K{[m[K
[1.419s]       | [01;31m[K^[m[K
[2.541s] make[2]: *** [CMakeFiles/ea_ipm_node.dir/build.make:63: CMakeFiles/ea_ipm_node.dir/src/get_ea_ipm.cpp.o] Error 1
[2.541s] make[1]: *** [CMakeFiles/Makefile2:78: CMakeFiles/ea_ipm_node.dir/all] Error 2
[2.541s] make: *** [Makefile:141: all] Error 2
[2.542s] Invoked command in '/home/pjy/ros2_ws/src/ea_ipm/build/ea_ipm' returned '2': CMAKE_PREFIX_PATH=/opt/ros/foxy /usr/bin/cmake --build /home/pjy/ros2_ws/src/ea_ipm/build/ea_ipm -- -j16 -l16
