[0.008s] Invoking command in '/home/pjy/ros2_ws/src/ea_ipm/build/ea_ipm': CMAKE_PREFIX_PATH=/opt/ros/foxy /usr/bin/cmake --build /home/pjy/ros2_ws/src/ea_ipm/build/ea_ipm -- -j16 -l16
[0.034s] [35m[1mScanning dependencies of target ea_ipm_node[0m
[0.055s] [ 66%] [32mBuilding CXX object CMakeFiles/ea_ipm_node.dir/src/get_ea_ipm.cpp.o[0m
[0.055s] [ 66%] [32mBuilding CXX object CMakeFiles/ea_ipm_node.dir/src/get_ea_ipm_main.cpp.o[0m
[1.461s] [01m[K/home/pjy/ros2_ws/src/ea_ipm/src/get_ea_ipm.cpp:16:1:[m[K [01;31m[Kerror: [m[Kâ€˜[01m[KMat[m[Kâ€™ does not name a type; did you mean â€˜[01m[KcvMat[m[Kâ€™?
[1.461s]    16 | [01;31m[KMat[m[K EA_IPM::get_roi_mask(cv::Mat img, cv::Point* points)
[1.461s]       | [01;31m[K^~~[m[K
[1.461s]       | [32m[KcvMat[m[K
[2.606s] make[2]: *** [CMakeFiles/ea_ipm_node.dir/build.make:63: CMakeFiles/ea_ipm_node.dir/src/get_ea_ipm.cpp.o] Error 1
[2.606s] make[1]: *** [CMakeFiles/Makefile2:78: CMakeFiles/ea_ipm_node.dir/all] Error 2
[2.606s] make: *** [Makefile:141: all] Error 2
[2.608s] Invoked command in '/home/pjy/ros2_ws/src/ea_ipm/build/ea_ipm' returned '2': CMAKE_PREFIX_PATH=/opt/ros/foxy /usr/bin/cmake --build /home/pjy/ros2_ws/src/ea_ipm/build/ea_ipm -- -j16 -l16
