[01m[K/home/pjy/ros2_ws/src/ea_ipm/src/get_ea_ipm.cpp:[m[K In member function â€˜[01m[Kcv::Mat EA_IPM::get_roi_img(cv::Mat)[m[Kâ€™:
[01m[K/home/pjy/ros2_ws/src/ea_ipm/src/get_ea_ipm.cpp:23:17:[m[K [01;31m[Kerror: [m[Kâ€˜[01m[KPoint[m[Kâ€™ was not declared in this scope; did you mean â€˜[01m[Kcv::Point[m[Kâ€™?
   23 |     points[0] = [01;31m[KPoint[m[K(0, img.rows);
      |                 [01;31m[K^~~~~[m[K
      |                 [32m[Kcv::Point[m[K
In file included from [01m[K/usr/include/opencv4/opencv2/core.hpp:58[m[K,
                 from [01m[K/usr/include/opencv4/opencv2/opencv.hpp:52[m[K,
                 from [01m[K/home/pjy/ros2_ws/src/ea_ipm/include/ea_ipm/get_ea_ipm.h:7[m[K,
                 from [01m[K/home/pjy/ros2_ws/src/ea_ipm/src/get_ea_ipm.cpp:5[m[K:
[01m[K/usr/include/opencv4/opencv2/core/types.hpp:194:17:[m[K [01;36m[Knote: [m[Kâ€˜[01m[Kcv::Point[m[Kâ€™ declared here
  194 | typedef Point2i [01;36m[KPoint[m[K;
      |                 [01;36m[K^~~~~[m[K
[01m[K/home/pjy/ros2_ws/src/ea_ipm/src/get_ea_ipm.cpp:30:11:[m[K [01;31m[Kerror: [m[Kâ€˜[01m[KPoint[m[Kâ€™ does not name a type; did you mean â€˜[01m[KcvPoint[m[Kâ€™?
   30 |     const [01;31m[KPoint[m[K* ppt[1] = { points }
      |           [01;31m[K^~~~~[m[K
      |           [32m[KcvPoint[m[K
[01m[K/home/pjy/ros2_ws/src/ea_ipm/src/get_ea_ipm.cpp:34:9:[m[K [01;31m[Kerror: [m[Kâ€˜[01m[Kfillpoly[m[Kâ€™ is not a member of â€˜[01m[Kcv[m[Kâ€™; did you mean â€˜[01m[KfillPoly[m[Kâ€™?
   34 |     cv::[01;31m[Kfillpoly[m[K(roi_mask, ppt, npt, 1, Scalar(255, 255, 255), 8);
      |         [01;31m[K^~~~~~~~[m[K
      |         [32m[KfillPoly[m[K
[01m[K/home/pjy/ros2_ws/src/ea_ipm/src/get_ea_ipm.cpp:34:28:[m[K [01;31m[Kerror: [m[Kâ€˜[01m[Kppt[m[Kâ€™ was not declared in this scope; did you mean â€˜[01m[Knpt[m[Kâ€™?
   34 |     cv::fillpoly(roi_mask, [01;31m[Kppt[m[K, npt, 1, Scalar(255, 255, 255), 8);
      |                            [01;31m[K^~~[m[K
      |                            [32m[Knpt[m[K
[01m[K/home/pjy/ros2_ws/src/ea_ipm/src/get_ea_ipm.cpp:34:41:[m[K [01;31m[Kerror: [m[Kâ€˜[01m[KScalar[m[Kâ€™ was not declared in this scope; did you mean â€˜[01m[Kcv::Scalar[m[Kâ€™?
   34 |     cv::fillpoly(roi_mask, ppt, npt, 1, [01;31m[KScalar[m[K(255, 255, 255), 8);
      |                                         [01;31m[K^~~~~~[m[K
      |                                         [32m[Kcv::Scalar[m[K
In file included from [01m[K/usr/include/opencv4/opencv2/core.hpp:58[m[K,
                 from [01m[K/usr/include/opencv4/opencv2/opencv.hpp:52[m[K,
                 from [01m[K/home/pjy/ros2_ws/src/ea_ipm/include/ea_ipm/get_ea_ipm.h:7[m[K,
                 from [01m[K/home/pjy/ros2_ws/src/ea_ipm/src/get_ea_ipm.cpp:5[m[K:
[01m[K/usr/include/opencv4/opencv2/core/types.hpp:669:25:[m[K [01;36m[Knote: [m[Kâ€˜[01m[Kcv::Scalar[m[Kâ€™ declared here
  669 | typedef Scalar_<double> [01;36m[KScalar[m[K;
      |                         [01;36m[K^~~~~~[m[K
[01m[K/home/pjy/ros2_ws/src/ea_ipm/src/get_ea_ipm.cpp:[m[K In member function â€˜[01m[Kvoid EA_IPM::topic_callback(sensor_msgs::msg::CompressedImage_<std::allocator<void> >::SharedPtr)[m[Kâ€™:
[01m[K/home/pjy/ros2_ws/src/ea_ipm/src/get_ea_ipm.cpp:52:12:[m[K [01;31m[Kerror: [m[Kâ€˜[01m[Kget_roi_mask[m[Kâ€™ was not declared in this scope; did you mean â€˜[01m[Kget_roi_img[m[Kâ€™?
   52 |     mask = [01;31m[Kget_roi_mask[m[K(front_img_ptr->image);
      |            [01;31m[K^~~~~~~~~~~~[m[K
      |            [32m[Kget_roi_img[m[K
make[2]: *** [CMakeFiles/ea_ipm_node.dir/build.make:63: CMakeFiles/ea_ipm_node.dir/src/get_ea_ipm.cpp.o] Error 1
make[1]: *** [CMakeFiles/Makefile2:78: CMakeFiles/ea_ipm_node.dir/all] Error 2
make: *** [Makefile:141: all] Error 2
