[0.010s] Invoking command in '/home/pjy/ros2_ws/src/ea_ipm/build/ea_ipm': CMAKE_PREFIX_PATH=${CMAKE_PREFIX_PATH}:/opt/ros/foxy /usr/bin/cmake --build /home/pjy/ros2_ws/src/ea_ipm/build/ea_ipm -- -j16 -l16
[0.034s] [35m[1mScanning dependencies of target ea_ipm_node[0m
[0.055s] [ 66%] [32mBuilding CXX object CMakeFiles/ea_ipm_node.dir/src/get_ea_ipm_main.cpp.o[0m
[0.055s] [ 66%] [32mBuilding CXX object CMakeFiles/ea_ipm_node.dir/src/get_ea_ipm.cpp.o[0m
[1.464s] [01m[K/home/pjy/ros2_ws/src/ea_ipm/src/get_ea_ipm.cpp:[m[K In member function â€˜[01m[Kcv::Mat EA_IPM::get_roi_img(cv::Mat)[m[Kâ€™:
[1.464s] [01m[K/home/pjy/ros2_ws/src/ea_ipm/src/get_ea_ipm.cpp:23:17:[m[K [01;31m[Kerror: [m[Kâ€˜[01m[KPoint[m[Kâ€™ was not declared in this scope; did you mean â€˜[01m[Kcv::Point[m[Kâ€™?
[1.464s]    23 |     points[0] = [01;31m[KPoint[m[K(0, img.rows);
[1.464s]       |                 [01;31m[K^~~~~[m[K
[1.464s]       |                 [32m[Kcv::Point[m[K
[1.464s] In file included from [01m[K/usr/include/opencv4/opencv2/core.hpp:58[m[K,
[1.464s]                  from [01m[K/usr/include/opencv4/opencv2/opencv.hpp:52[m[K,
[1.464s]                  from [01m[K/home/pjy/ros2_ws/src/ea_ipm/include/ea_ipm/get_ea_ipm.h:7[m[K,
[1.465s]                  from [01m[K/home/pjy/ros2_ws/src/ea_ipm/src/get_ea_ipm.cpp:5[m[K:
[1.465s] [01m[K/usr/include/opencv4/opencv2/core/types.hpp:194:17:[m[K [01;36m[Knote: [m[Kâ€˜[01m[Kcv::Point[m[Kâ€™ declared here
[1.465s]   194 | typedef Point2i [01;36m[KPoint[m[K;
[1.465s]       |                 [01;36m[K^~~~~[m[K
[1.465s] [01m[K/home/pjy/ros2_ws/src/ea_ipm/src/get_ea_ipm.cpp:31:5:[m[K [01;31m[Kerror: [m[Kexpected â€˜[01m[K,[m[Kâ€™ or â€˜[01m[K;[m[Kâ€™ before â€˜[01m[Kint[m[Kâ€™
[1.465s]    31 |     [01;31m[Kint[m[K npt[] = { 6 }; // npt[0] = 6
[1.465s]       |     [01;31m[K^~~[m[K
[1.466s] [01m[K/home/pjy/ros2_ws/src/ea_ipm/src/get_ea_ipm.cpp:34:33:[m[K [01;31m[Kerror: [m[Kâ€˜[01m[Knpt[m[Kâ€™ was not declared in this scope; did you mean â€˜[01m[Kppt[m[Kâ€™?
[1.466s]    34 |     cv::fillPoly(roi_mask, ppt, [01;31m[Knpt[m[K, 1, cv::Scalar(255, 255, 255), 8);
[1.466s]       |                                 [01;31m[K^~~[m[K
[1.466s]       |                                 [32m[Kppt[m[K
[2.617s] make[2]: *** [CMakeFiles/ea_ipm_node.dir/build.make:63: CMakeFiles/ea_ipm_node.dir/src/get_ea_ipm.cpp.o] Error 1
[2.617s] make[1]: *** [CMakeFiles/Makefile2:78: CMakeFiles/ea_ipm_node.dir/all] Error 2
[2.617s] make: *** [Makefile:141: all] Error 2
[2.619s] Invoked command in '/home/pjy/ros2_ws/src/ea_ipm/build/ea_ipm' returned '2': CMAKE_PREFIX_PATH=${CMAKE_PREFIX_PATH}:/opt/ros/foxy /usr/bin/cmake --build /home/pjy/ros2_ws/src/ea_ipm/build/ea_ipm -- -j16 -l16
